-- Could NOT find Doxygen (missing: DOXYGEN_EXECUTABLE dot) 

Configuring secp256k1 subtree...
-- Could NOT find Valgrind (missing: Valgrind_INCLUDE_DIR Valgrind_WORKS) 


secp256k1 configure summary
===========================
Build artifacts:
  library type ........................ Static
Optional modules:
  ECDH ................................ OFF
  ECDSA pubkey recovery ............... ON
  extrakeys ........................... ON
  schnorrsig .......................... ON
  musig ............................... OFF
  ElligatorSwift ...................... ON
Parameters:
  ecmult window size .................. 15
  ecmult gen table size ............... 86 KiB
Optional features:
  assembly ............................ x86_64
  external callbacks .................. OFF
Optional binaries:
  benchmark ........................... OFF
  noverify_tests ...................... ON
  tests ............................... ON
  exhaustive tests .................... ON
  ctime_tests ......................... OFF
  examples ............................ OFF

Cross compiling ....................... FALSE
Valgrind .............................. OFF
Preprocessor defined macros ........... ENABLE_MODULE_ELLSWIFT=1 ENABLE_MODULE_SCHNORRSIG=1 ENABLE_MODULE_EXTRAKEYS=1 ENABLE_MODULE_RECOVERY=1 ECMULT_WINDOW_SIZE=15 COMB_BLOCKS=43 COMB_TEETH=6 USE_ASM_X86_64=1
C compiler ............................ GNU 11.4.0, /usr/bin/cc
CFLAGS ................................ 
Compile options ....................... -pedantic -Wall -Wcast-align -Wcast-align=strict -Wextra -Wnested-externs -Wno-long-long -Wno-overlength-strings -Wno-unused-function -Wshadow -Wstrict-prototypes -Wundef
Build type:
 - CMAKE_BUILD_TYPE ................... RelWithDebInfo
 - CFLAGS ............................. -O2 -g 
 - LDFLAGS for executables ............ 
 - LDFLAGS for shared libraries ....... 



Configure summary
=================
Executables:
  briskcoind ............................ ON
  briskcoin-node (multiprocess) ......... OFF
  briskcoin-qt (GUI) .................... ON
  briskcoin-gui (GUI, multiprocess) ..... OFF
  briskcoin-cli ......................... ON
  briskcoin-tx .......................... ON
  briskcoin-util ........................ ON
  briskcoin-wallet ...................... ON
  briskcoin-chainstate (experimental) ... OFF
  libbriskcoinkernel (experimental) ..... OFF
Optional features:
  wallet support ...................... ON
   - descriptor wallets (SQLite) ...... ON
   - legacy wallets (Berkeley DB) ..... ON
  external signer ..................... ON
  ZeroMQ .............................. OFF
  USDT tracing ........................ OFF
  QR code (GUI) ....................... ON
  DBus (GUI, Linux only) .............. ON
Tests:
  test_briskcoin ........................ ON
  test_briskcoin-qt ..................... ON
  bench_briskcoin ....................... OFF
  fuzz binary ......................... OFF

Cross compiling ....................... FALSE
C++ compiler .......................... GNU 11.4.0, /usr/bin/c++
CMAKE_BUILD_TYPE ...................... RelWithDebInfo
Preprocessor defined macros ........... 
C++ compiler flags .................... -O2 -O2 -g -std=c++20 -fPIC -fno-extended-identifiers -fdebug-prefix-map=/root/briskcoin-2.0/src=. -fmacro-prefix-map=/root/briskcoin-2.0/src=. -fstack-reuse=none -Wall -Wextra -Wformat -Wformat-security -Wvla -Wredundant-decls -Wdate-time -Wduplicated-branches -Wduplicated-cond -Wlogical-op -Woverloaded-virtual -Wsuggest-override -Wimplicit-fallthrough -Wunreachable-code -Wundef -Wno-unused-parameter -U_FORTIFY_SOURCE -D_FORTIFY_SOURCE=3 -Wstack-protector -fstack-protector-all -fcf-protection=full -fstack-clash-protection
Linker flags .......................... -O2 -O2 -g -fstack-reuse=none -fstack-protector-all -fcf-protection=full -fstack-clash-protection -Wl,-z,relro -Wl,-z,now -Wl,-z,separate-code -fPIE -pie

NOTE: The summary above may not exactly match the final applied build flags
      if any additional CMAKE_* or environment variables have been modified.
      To see the exact flags applied, build with the --verbose option.

Attempt to harden executables ......... ON
Treat compiler warnings as errors ..... OFF
Use ccache for compiling .............. OFF


-- Configuring done
-- Generating done
-- Build files have been written to: /root/briskcoin-2.0/build
